2025-10-30 08:58:09,770 - app - INFO - Joyce Suites API started - Environment: development
2025-10-30 09:32:55,809 - app - INFO - Joyce Suites API started - Environment: development
2025-10-30 10:16:38,069 - app - INFO - Joyce Suites API started - Environment: development
2025-10-30 10:16:38,568 - app - INFO - Joyce Suites API started - Environment: development
2025-10-30 10:18:05,787 - app - INFO - Joyce Suites API started - Environment: development
2025-10-30 10:20:25,361 - app - INFO - Joyce Suites API started - Environment: development
2025-10-30 10:43:28,756 - app - INFO - Joyce Suites API started - Environment: development
2025-10-30 10:46:12,643 - app - INFO - Joyce Suites API started - Environment: development
2025-10-30 10:49:05,088 - app - INFO - Joyce Suites API started - Environment: development
2025-10-30 10:49:18,593 - app - INFO - Joyce Suites API started - Environment: development
2025-10-30 10:49:49,040 - app - INFO - Joyce Suites API started - Environment: development
2025-10-30 10:49:49,534 - app - INFO - Joyce Suites API started - Environment: development
2025-10-31 17:28:27,320 - app - INFO - Joyce Suites API started - Environment: development
2025-10-31 17:32:00,027 - app - INFO - Joyce Suites API started - Environment: development
2025-10-31 17:35:54,522 - app - INFO - Joyce Suites API started - Environment: development
2025-10-31 17:37:12,700 - app - INFO - Joyce Suites API started - Environment: development
2025-10-31 17:38:50,409 - app - INFO - Joyce Suites API started - Environment: development
2025-10-31 17:39:44,110 - app - INFO - Joyce Suites API started - Environment: development
2025-10-31 17:43:56,860 - app - INFO - Joyce Suites API started - Environment: development
2025-10-31 17:45:01,030 - app - INFO - Joyce Suites API started - Environment: development
2025-10-31 17:46:22,243 - app - INFO - Joyce Suites API started - Environment: development
2025-10-31 17:47:50,733 - app - INFO - Joyce Suites API started - Environment: development
2025-10-31 17:51:44,865 - app - INFO - Joyce Suites API started - Environment: development
2025-10-31 17:59:05,790 - app - INFO - Joyce Suites API started - Environment: development
2025-10-31 18:02:12,638 - app - INFO - Joyce Suites API started - Environment: development
2025-10-31 18:03:14,579 - app - INFO - Joyce Suites API started - Environment: development
2025-10-31 18:06:06,303 - app - INFO - Joyce Suites API started - Environment: development
2025-10-31 20:48:07,083 - app - INFO - Joyce Suites API started - Environment: development
2025-10-31 20:54:20,705 - app - INFO - Joyce Suites API started - Environment: development
2025-10-31 20:54:31,614 - app - INFO - Joyce Suites API started - Environment: development
2025-10-31 21:23:28,096 - app - INFO - Joyce Suites API started - Environment: development
2025-10-31 21:27:38,162 - app - INFO - Joyce Suites API started - Environment: development
2025-10-31 21:27:50,734 - app - INFO - Joyce Suites API started - Environment: development
2025-10-31 21:36:54,363 - app - INFO - Joyce Suites API started - Environment: development
2025-10-31 22:03:36,848 - app - INFO - Joyce Suites API started - Environment: development
2025-11-04 12:38:10,893 - app - INFO - Joyce Suites API started - Env: development
2025-11-04 12:38:11,489 - app - INFO - ✅ Database tables created successfully.
2025-11-04 12:38:16,724 - app - INFO - Joyce Suites API started - Env: development
2025-11-04 12:38:16,910 - app - INFO - ✅ Database tables created successfully.
2025-11-05 20:55:29,374 - INFO - 🚀 Joyce Suites API started - Env: development
2025-11-05 20:55:29,465 - INFO - ✅ Database tables created successfully.
2025-11-05 20:56:18,242 - INFO - 🚀 Joyce Suites API started - Env: development
2025-11-05 20:56:18,340 - INFO - ✅ Database tables created successfully.
2025-11-05 20:56:31,328 - INFO - 🚀 Joyce Suites API started - Env: development
2025-11-05 20:56:31,437 - INFO - ✅ Database tables created successfully.
2025-11-05 20:56:42,771 - INFO - 🚀 Joyce Suites API started - Env: development
2025-11-05 20:56:42,878 - INFO - ✅ Database tables created successfully.
2025-11-20 17:01:31,164 - INFO - 🚀 Joyce Suites API started - Env: development
2025-11-20 17:01:31,439 - INFO - ✅ Database tables created (development mode)
